<?xml version="1.0" encoding="UTF-8"?>
<!-- Generated by org.testng.reporters.JUnitReportReporter -->
<testsuite hostname="DESKTOP-S6B5AN6" failures="0" tests="1" name="corejava.PS1" time="0.046" errors="0" timestamp="2023-10-02T11:24:30 IST" skipped="0">
  <testcase classname="corejava.PS1" name="testRun" time="0.046"/>
</testsuite> <!-- corejava.PS1 -->
